MONGODB [DEBUG] Logging level is currently :debug which could negatively impact client-side performance. You should set your logging level no lower than :info in production.
MONGODB [DEBUG] Logging level is currently :debug which could negatively impact client-side performance. You should set your logging level no lower than :info in production.
MONGODB (154ms) admin['$cmd'].find({:ismaster=>1}).limit(-1)
MONGODB (144ms) weathersick['$cmd'].find({:getnonce=>1}).limit(-1)
MONGODB (134ms) weathersick['$cmd'].find({"authenticate"=>1, "user"=>"admin", "nonce"=>"7d81fd82ba0cb240", "key"=>"5769209d5fcd1b088bc95a75dc3b8b44"}).limit(-1)
MONGODB [DEBUG] Logging level is currently :debug which could negatively impact client-side performance. You should set your logging level no lower than :info in production.
MONGODB (152ms) admin['$cmd'].find({:ismaster=>1}).limit(-1)
MONGODB (148ms) weathersick['$cmd'].find({:getnonce=>1}).limit(-1)
MONGODB (136ms) weathersick['$cmd'].find({"authenticate"=>1, "user"=>"admin", "nonce"=>"2067e2113f6c6fd6", "key"=>"a8e5c208d9da8068a17625fa9234b550"}).limit(-1)


Started GET "/" for 127.0.0.1 at 2012-09-05 14:15:07 +0200
Processing by HomeController#index as HTML
Geokit is using the domain: localhost
  Rendered home/index.html.erb within layouts/application (2.7ms)
Compiled bootstrap-datepicker.css  (0ms)  (pid 65921)
Compiled airports.css  (11ms)  (pid 65921)
Compiled bootstrap_and_overrides.css  (847ms)  (pid 65921)
Compiled home.css  (27ms)  (pid 65921)
Compiled places.css  (2ms)  (pid 65921)
Compiled application.css  (1003ms)  (pid 65921)
Compiled jquery.js  (4ms)  (pid 65921)
Compiled jquery_ujs.js  (0ms)  (pid 65921)
Compiled twitter/bootstrap/bootstrap-transition.js  (0ms)  (pid 65921)
Compiled twitter/bootstrap/bootstrap-alert.js  (0ms)  (pid 65921)
Compiled twitter/bootstrap/bootstrap-modal.js  (0ms)  (pid 65921)
Compiled twitter/bootstrap/bootstrap-dropdown.js  (0ms)  (pid 65921)
Compiled twitter/bootstrap/bootstrap-scrollspy.js  (0ms)  (pid 65921)
Compiled twitter/bootstrap/bootstrap-tab.js  (0ms)  (pid 65921)
Compiled twitter/bootstrap/bootstrap-tooltip.js  (0ms)  (pid 65921)
Compiled twitter/bootstrap/bootstrap-popover.js  (0ms)  (pid 65921)
Compiled twitter/bootstrap/bootstrap-button.js  (0ms)  (pid 65921)
Compiled twitter/bootstrap/bootstrap-collapse.js  (0ms)  (pid 65921)
Compiled twitter/bootstrap/bootstrap-carousel.js  (0ms)  (pid 65921)
Compiled twitter/bootstrap/bootstrap-typeahead.js  (0ms)  (pid 65921)
Compiled twitter/bootstrap/bootstrap-affix.js  (0ms)  (pid 65921)
Compiled twitter/bootstrap.js  (218ms)  (pid 65921)
Compiled bootstrap-datepicker/core.js  (1ms)  (pid 65921)
Compiled bootstrap-datepicker/locales/bootstrap-datepicker.br.js  (0ms)  (pid 65921)
Compiled bootstrap-datepicker/locales/bootstrap-datepicker.cs.js  (0ms)  (pid 65921)
Compiled bootstrap-datepicker/locales/bootstrap-datepicker.da.js  (0ms)  (pid 65921)
Compiled bootstrap-datepicker/locales/bootstrap-datepicker.de.js  (0ms)  (pid 65921)
Compiled bootstrap-datepicker/locales/bootstrap-datepicker.es.js  (0ms)  (pid 65921)
Compiled bootstrap-datepicker/locales/bootstrap-datepicker.fi.js  (0ms)  (pid 65921)
Compiled bootstrap-datepicker/locales/bootstrap-datepicker.fr.js  (0ms)  (pid 65921)
Compiled bootstrap-datepicker/locales/bootstrap-datepicker.id.js  (0ms)  (pid 65921)
Compiled bootstrap-datepicker/locales/bootstrap-datepicker.is.js  (0ms)  (pid 65921)
Compiled bootstrap-datepicker/locales/bootstrap-datepicker.it.js  (0ms)  (pid 65921)
Compiled bootstrap-datepicker/locales/bootstrap-datepicker.ja.js  (0ms)  (pid 65921)
Compiled bootstrap-datepicker/locales/bootstrap-datepicker.kr.js  (0ms)  (pid 65921)
Compiled bootstrap-datepicker/locales/bootstrap-datepicker.lt.js  (0ms)  (pid 65921)
Compiled bootstrap-datepicker/locales/bootstrap-datepicker.lv.js  (0ms)  (pid 65921)
Compiled bootstrap-datepicker/locales/bootstrap-datepicker.ms.js  (0ms)  (pid 65921)
Compiled bootstrap-datepicker/locales/bootstrap-datepicker.nb.js  (0ms)  (pid 65921)
Compiled bootstrap-datepicker/locales/bootstrap-datepicker.nl.js  (0ms)  (pid 65921)
Compiled bootstrap-datepicker/locales/bootstrap-datepicker.pl.js  (0ms)  (pid 65921)
Compiled bootstrap-datepicker/locales/bootstrap-datepicker.pt.js  (0ms)  (pid 65921)
Compiled bootstrap-datepicker/locales/bootstrap-datepicker.ru.js  (0ms)  (pid 65921)
Compiled bootstrap-datepicker/locales/bootstrap-datepicker.sv.js  (0ms)  (pid 65921)
Compiled bootstrap-datepicker/locales/bootstrap-datepicker.th.js  (0ms)  (pid 65921)
Compiled bootstrap-datepicker/locales/bootstrap-datepicker.tr.js  (0ms)  (pid 65921)
Compiled bootstrap-datepicker/locales/bootstrap-datepicker.zh-CN.js  (0ms)  (pid 65921)
Compiled bootstrap-datepicker/locales/bootstrap-datepicker.zh-TW.js  (0ms)  (pid 65921)
Compiled bootstrap-datepicker/index.js  (400ms)  (pid 65921)
Compiled json2.js  (1ms)  (pid 65921)
Compiled spine.js  (0ms)  (pid 65921)
Compiled spine/manager.js  (0ms)  (pid 65921)
Compiled spine/ajax.js  (0ms)  (pid 65921)
Compiled spine/route.js  (0ms)  (pid 65921)
Compiled app/lib/view.js  (2ms)  (pid 65921)
Compiled app/models/airport.js  (24ms)  (pid 65921)
Compiled app/controllers/airports.js  (6ms)  (pid 65921)
Compiled app/index.js  (217ms)  (pid 65921)
Compiled airports.js  (1ms)  (pid 65921)
Compiled bootstrap.js  (1ms)  (pid 65921)
Compiled home.js  (4ms)  (pid 65921)
Compiled places.js  (0ms)  (pid 65921)
Compiled application.js  (1024ms)  (pid 65921)
Completed 200 OK in 2313ms (Views: 2312.4ms)


Started GET "/assets/application.css?body=1" for 127.0.0.1 at 2012-09-05 14:15:10 +0200
Served asset /application.css - 200 OK (9ms)


Started GET "/assets/bootstrap-datepicker.css?body=1" for 127.0.0.1 at 2012-09-05 14:15:10 +0200
Served asset /bootstrap-datepicker.css - 200 OK (4ms)


Started GET "/assets/bootstrap_and_overrides.css?body=1" for 127.0.0.1 at 2012-09-05 14:15:10 +0200
Served asset /bootstrap_and_overrides.css - 200 OK (52ms)


Started GET "/assets/home.css?body=1" for 127.0.0.1 at 2012-09-05 14:15:10 +0200
Served asset /home.css - 200 OK (1ms)


Started GET "/assets/places.css?body=1" for 127.0.0.1 at 2012-09-05 14:15:10 +0200
Served asset /places.css - 200 OK (3ms)


Started GET "/assets/airports.css?body=1" for 127.0.0.1 at 2012-09-05 14:15:10 +0200
Served asset /airports.css - 200 OK (2ms)


Started GET "/assets/jquery.js?body=1" for 127.0.0.1 at 2012-09-05 14:15:10 +0200
Served asset /jquery.js - 200 OK (5ms)


Started GET "/assets/jquery_ujs.js?body=1" for 127.0.0.1 at 2012-09-05 14:15:10 +0200
Served asset /jquery_ujs.js - 200 OK (4ms)


Started GET "/assets/twitter/bootstrap/bootstrap-alert.js?body=1" for 127.0.0.1 at 2012-09-05 14:15:10 +0200
Served asset /twitter/bootstrap/bootstrap-alert.js - 200 OK (7ms)


Started GET "/assets/twitter/bootstrap/bootstrap-modal.js?body=1" for 127.0.0.1 at 2012-09-05 14:15:10 +0200
Served asset /twitter/bootstrap/bootstrap-modal.js - 200 OK (4ms)


Started GET "/assets/twitter/bootstrap/bootstrap-dropdown.js?body=1" for 127.0.0.1 at 2012-09-05 14:15:10 +0200
Served asset /twitter/bootstrap/bootstrap-dropdown.js - 200 OK (7ms)


Started GET "/assets/twitter/bootstrap/bootstrap-transition.js?body=1" for 127.0.0.1 at 2012-09-05 14:15:10 +0200
Served asset /twitter/bootstrap/bootstrap-transition.js - 200 OK (4ms)


Started GET "/assets/twitter/bootstrap/bootstrap-scrollspy.js?body=1" for 127.0.0.1 at 2012-09-05 14:15:10 +0200
Served asset /twitter/bootstrap/bootstrap-scrollspy.js - 200 OK (6ms)


Started GET "/assets/twitter/bootstrap/bootstrap-tab.js?body=1" for 127.0.0.1 at 2012-09-05 14:15:10 +0200
Served asset /twitter/bootstrap/bootstrap-tab.js - 200 OK (5ms)


Started GET "/assets/twitter/bootstrap/bootstrap-tooltip.js?body=1" for 127.0.0.1 at 2012-09-05 14:15:10 +0200
Served asset /twitter/bootstrap/bootstrap-tooltip.js - 200 OK (4ms)


Started GET "/assets/twitter/bootstrap/bootstrap-popover.js?body=1" for 127.0.0.1 at 2012-09-05 14:15:10 +0200
Served asset /twitter/bootstrap/bootstrap-popover.js - 200 OK (4ms)


Started GET "/assets/twitter/bootstrap/bootstrap-button.js?body=1" for 127.0.0.1 at 2012-09-05 14:15:10 +0200
Served asset /twitter/bootstrap/bootstrap-button.js - 200 OK (4ms)


Started GET "/assets/twitter/bootstrap/bootstrap-collapse.js?body=1" for 127.0.0.1 at 2012-09-05 14:15:10 +0200
Served asset /twitter/bootstrap/bootstrap-collapse.js - 200 OK (7ms)


Started GET "/assets/twitter/bootstrap/bootstrap-carousel.js?body=1" for 127.0.0.1 at 2012-09-05 14:15:10 +0200
Served asset /twitter/bootstrap/bootstrap-carousel.js - 200 OK (8ms)


Started GET "/assets/twitter/bootstrap/bootstrap-typeahead.js?body=1" for 127.0.0.1 at 2012-09-05 14:15:10 +0200
Served asset /twitter/bootstrap/bootstrap-typeahead.js - 200 OK (4ms)


Started GET "/assets/twitter/bootstrap/bootstrap-affix.js?body=1" for 127.0.0.1 at 2012-09-05 14:15:10 +0200
Served asset /twitter/bootstrap/bootstrap-affix.js - 200 OK (4ms)


Started GET "/assets/twitter/bootstrap.js?body=1" for 127.0.0.1 at 2012-09-05 14:15:10 +0200
Served asset /twitter/bootstrap.js - 200 OK (20ms)


Started GET "/assets/bootstrap-datepicker/core.js?body=1" for 127.0.0.1 at 2012-09-05 14:15:10 +0200
Served asset /bootstrap-datepicker/core.js - 200 OK (3ms)


Started GET "/assets/bootstrap-datepicker/locales/bootstrap-datepicker.br.js?body=1" for 127.0.0.1 at 2012-09-05 14:15:10 +0200
Served asset /bootstrap-datepicker/locales/bootstrap-datepicker.br.js - 200 OK (44ms)


Started GET "/assets/bootstrap-datepicker/locales/bootstrap-datepicker.cs.js?body=1" for 127.0.0.1 at 2012-09-05 14:15:10 +0200
Served asset /bootstrap-datepicker/locales/bootstrap-datepicker.cs.js - 200 OK (3ms)


Started GET "/assets/bootstrap-datepicker/locales/bootstrap-datepicker.da.js?body=1" for 127.0.0.1 at 2012-09-05 14:15:10 +0200
Served asset /bootstrap-datepicker/locales/bootstrap-datepicker.da.js - 200 OK (3ms)


Started GET "/assets/bootstrap-datepicker/locales/bootstrap-datepicker.de.js?body=1" for 127.0.0.1 at 2012-09-05 14:15:10 +0200
Served asset /bootstrap-datepicker/locales/bootstrap-datepicker.de.js - 200 OK (3ms)


Started GET "/assets/bootstrap-datepicker/locales/bootstrap-datepicker.es.js?body=1" for 127.0.0.1 at 2012-09-05 14:15:10 +0200
Served asset /bootstrap-datepicker/locales/bootstrap-datepicker.es.js - 200 OK (4ms)


Started GET "/assets/bootstrap-datepicker/locales/bootstrap-datepicker.fi.js?body=1" for 127.0.0.1 at 2012-09-05 14:15:10 +0200
Served asset /bootstrap-datepicker/locales/bootstrap-datepicker.fi.js - 200 OK (3ms)


Started GET "/assets/bootstrap-datepicker/locales/bootstrap-datepicker.fr.js?body=1" for 127.0.0.1 at 2012-09-05 14:15:10 +0200
Served asset /bootstrap-datepicker/locales/bootstrap-datepicker.fr.js - 200 OK (3ms)


Started GET "/assets/bootstrap-datepicker/locales/bootstrap-datepicker.id.js?body=1" for 127.0.0.1 at 2012-09-05 14:15:10 +0200
Served asset /bootstrap-datepicker/locales/bootstrap-datepicker.id.js - 200 OK (3ms)


Started GET "/assets/bootstrap-datepicker/locales/bootstrap-datepicker.is.js?body=1" for 127.0.0.1 at 2012-09-05 14:15:10 +0200
Served asset /bootstrap-datepicker/locales/bootstrap-datepicker.is.js - 200 OK (3ms)


Started GET "/assets/bootstrap-datepicker/locales/bootstrap-datepicker.it.js?body=1" for 127.0.0.1 at 2012-09-05 14:15:10 +0200
Served asset /bootstrap-datepicker/locales/bootstrap-datepicker.it.js - 200 OK (3ms)


Started GET "/assets/bootstrap-datepicker/locales/bootstrap-datepicker.ja.js?body=1" for 127.0.0.1 at 2012-09-05 14:15:10 +0200
Served asset /bootstrap-datepicker/locales/bootstrap-datepicker.ja.js - 200 OK (6ms)


Started GET "/assets/bootstrap-datepicker/locales/bootstrap-datepicker.kr.js?body=1" for 127.0.0.1 at 2012-09-05 14:15:10 +0200
Served asset /bootstrap-datepicker/locales/bootstrap-datepicker.kr.js - 200 OK (4ms)


Started GET "/assets/bootstrap-datepicker/locales/bootstrap-datepicker.lt.js?body=1" for 127.0.0.1 at 2012-09-05 14:15:10 +0200
Served asset /bootstrap-datepicker/locales/bootstrap-datepicker.lt.js - 200 OK (4ms)


Started GET "/assets/bootstrap-datepicker/locales/bootstrap-datepicker.lv.js?body=1" for 127.0.0.1 at 2012-09-05 14:15:10 +0200
Served asset /bootstrap-datepicker/locales/bootstrap-datepicker.lv.js - 200 OK (4ms)


Started GET "/assets/bootstrap-datepicker/locales/bootstrap-datepicker.ms.js?body=1" for 127.0.0.1 at 2012-09-05 14:15:10 +0200
Served asset /bootstrap-datepicker/locales/bootstrap-datepicker.ms.js - 200 OK (8ms)


Started GET "/assets/bootstrap-datepicker/locales/bootstrap-datepicker.nb.js?body=1" for 127.0.0.1 at 2012-09-05 14:15:11 +0200
Served asset /bootstrap-datepicker/locales/bootstrap-datepicker.nb.js - 200 OK (2ms)


Started GET "/assets/bootstrap-datepicker/locales/bootstrap-datepicker.nl.js?body=1" for 127.0.0.1 at 2012-09-05 14:15:11 +0200
Served asset /bootstrap-datepicker/locales/bootstrap-datepicker.nl.js - 200 OK (3ms)


Started GET "/assets/bootstrap-datepicker/locales/bootstrap-datepicker.pl.js?body=1" for 127.0.0.1 at 2012-09-05 14:15:11 +0200
Served asset /bootstrap-datepicker/locales/bootstrap-datepicker.pl.js - 200 OK (3ms)


Started GET "/assets/bootstrap-datepicker/locales/bootstrap-datepicker.pt.js?body=1" for 127.0.0.1 at 2012-09-05 14:15:11 +0200
Served asset /bootstrap-datepicker/locales/bootstrap-datepicker.pt.js - 200 OK (3ms)


Started GET "/assets/bootstrap-datepicker/locales/bootstrap-datepicker.ru.js?body=1" for 127.0.0.1 at 2012-09-05 14:15:11 +0200
Served asset /bootstrap-datepicker/locales/bootstrap-datepicker.ru.js - 200 OK (4ms)


Started GET "/assets/bootstrap-datepicker/locales/bootstrap-datepicker.sv.js?body=1" for 127.0.0.1 at 2012-09-05 14:15:11 +0200
Served asset /bootstrap-datepicker/locales/bootstrap-datepicker.sv.js - 200 OK (3ms)


Started GET "/assets/bootstrap-datepicker/locales/bootstrap-datepicker.th.js?body=1" for 127.0.0.1 at 2012-09-05 14:15:11 +0200
Served asset /bootstrap-datepicker/locales/bootstrap-datepicker.th.js - 200 OK (6ms)


Started GET "/assets/bootstrap-datepicker/locales/bootstrap-datepicker.tr.js?body=1" for 127.0.0.1 at 2012-09-05 14:15:11 +0200
Served asset /bootstrap-datepicker/locales/bootstrap-datepicker.tr.js - 200 OK (3ms)


Started GET "/assets/bootstrap-datepicker/locales/bootstrap-datepicker.zh-CN.js?body=1" for 127.0.0.1 at 2012-09-05 14:15:11 +0200
Served asset /bootstrap-datepicker/locales/bootstrap-datepicker.zh-CN.js - 200 OK (3ms)


Started GET "/assets/bootstrap-datepicker/locales/bootstrap-datepicker.zh-TW.js?body=1" for 127.0.0.1 at 2012-09-05 14:15:11 +0200
Served asset /bootstrap-datepicker/locales/bootstrap-datepicker.zh-TW.js - 200 OK (3ms)


Started GET "/assets/bootstrap-datepicker/index.js?body=1" for 127.0.0.1 at 2012-09-05 14:15:11 +0200
Served asset /bootstrap-datepicker/index.js - 200 OK (30ms)


Started GET "/assets/json2.js?body=1" for 127.0.0.1 at 2012-09-05 14:15:11 +0200
Served asset /json2.js - 200 OK (3ms)


Started GET "/assets/spine.js?body=1" for 127.0.0.1 at 2012-09-05 14:15:11 +0200
Served asset /spine.js - 200 OK (3ms)


Started GET "/assets/spine/manager.js?body=1" for 127.0.0.1 at 2012-09-05 14:15:11 +0200
Served asset /spine/manager.js - 200 OK (2ms)


Started GET "/assets/spine/ajax.js?body=1" for 127.0.0.1 at 2012-09-05 14:15:11 +0200
Served asset /spine/ajax.js - 200 OK (5ms)


Started GET "/assets/spine/route.js?body=1" for 127.0.0.1 at 2012-09-05 14:15:11 +0200
Served asset /spine/route.js - 200 OK (2ms)


Started GET "/assets/app/lib/view.js?body=1" for 127.0.0.1 at 2012-09-05 14:15:11 +0200
Served asset /app/lib/view.js - 200 OK (3ms)


Started GET "/assets/app/index.js?body=1" for 127.0.0.1 at 2012-09-05 14:15:11 +0200
Served asset /app/index.js - 200 OK (18ms)


Started GET "/assets/app/models/airport.js?body=1" for 127.0.0.1 at 2012-09-05 14:15:11 +0200
Served asset /app/models/airport.js - 200 OK (2ms)


Started GET "/assets/app/controllers/airports.js?body=1" for 127.0.0.1 at 2012-09-05 14:15:11 +0200
Served asset /app/controllers/airports.js - 200 OK (2ms)


Started GET "/assets/bootstrap.js?body=1" for 127.0.0.1 at 2012-09-05 14:15:11 +0200
Served asset /bootstrap.js - 200 OK (3ms)


Started GET "/assets/airports.js?body=1" for 127.0.0.1 at 2012-09-05 14:15:11 +0200
Served asset /airports.js - 200 OK (2ms)


Started GET "/assets/home.js?body=1" for 127.0.0.1 at 2012-09-05 14:15:11 +0200
Served asset /home.js - 200 OK (1ms)


Started GET "/assets/places.js?body=1" for 127.0.0.1 at 2012-09-05 14:15:11 +0200
Served asset /places.js - 200 OK (1ms)


Started GET "/assets/application.js?body=1" for 127.0.0.1 at 2012-09-05 14:15:11 +0200
Served asset /application.js - 200 OK (62ms)


Started GET "/assets/gplaypattern.png" for 127.0.0.1 at 2012-09-05 14:15:11 +0200
Served asset /gplaypattern.png - 200 OK (7ms)


Started POST "/nice-near.json" for 127.0.0.1 at 2012-09-05 14:15:17 +0200
Processing by HomeController#nice_near as JSON
  Parameters: {"from"=>"05/10/2012", "weather"=>"sunny", "to"=>"08/10/2012", "roof"=>"$500", "location"=>"62.470513,6.394734199999999"}
Geokit is using the domain: localhost
Completed 500 Internal Server Error in 50ms

ActionView::MissingTemplate (Missing template home/nice_near, application/nice_near with {:locale=>[:en], :formats=>[:json], :handlers=>[:erb, :builder, :coffee]}. Searched in:
  * "/Users/chris/Projects/weathersick/rails/app/views"
  * "/Users/chris/.rvm/gems/ruby-1.9.3-p194/gems/twitter-bootstrap-rails-2.1.3/app/views"
):
  actionpack (3.2.8) lib/action_view/path_set.rb:58:in `find'
  actionpack (3.2.8) lib/action_view/lookup_context.rb:109:in `find'
  actionpack (3.2.8) lib/action_view/renderer/abstract_renderer.rb:3:in `find_template'
  actionpack (3.2.8) lib/action_view/renderer/template_renderer.rb:34:in `determine_template'
  actionpack (3.2.8) lib/action_view/renderer/template_renderer.rb:10:in `render'
  actionpack (3.2.8) lib/action_view/renderer/renderer.rb:36:in `render_template'
  actionpack (3.2.8) lib/action_view/renderer/renderer.rb:17:in `render'
  actionpack (3.2.8) lib/abstract_controller/rendering.rb:110:in `_render_template'
  actionpack (3.2.8) lib/action_controller/metal/streaming.rb:225:in `_render_template'
  actionpack (3.2.8) lib/abstract_controller/rendering.rb:103:in `render_to_body'
  actionpack (3.2.8) lib/action_controller/metal/renderers.rb:28:in `render_to_body'
  actionpack (3.2.8) lib/action_controller/metal/compatibility.rb:50:in `render_to_body'
  actionpack (3.2.8) lib/abstract_controller/rendering.rb:88:in `render'
  actionpack (3.2.8) lib/action_controller/metal/rendering.rb:16:in `render'
  actionpack (3.2.8) lib/action_controller/metal/instrumentation.rb:40:in `block (2 levels) in render'
  activesupport (3.2.8) lib/active_support/core_ext/benchmark.rb:5:in `block in ms'
  /Users/chris/.rvm/rubies/ruby-1.9.3-p194/lib/ruby/1.9.1/benchmark.rb:295:in `realtime'
  activesupport (3.2.8) lib/active_support/core_ext/benchmark.rb:5:in `ms'
  actionpack (3.2.8) lib/action_controller/metal/instrumentation.rb:40:in `block in render'
  actionpack (3.2.8) lib/action_controller/metal/instrumentation.rb:83:in `cleanup_view_runtime'
  actionpack (3.2.8) lib/action_controller/metal/instrumentation.rb:39:in `render'
  actionpack (3.2.8) lib/action_controller/metal/implicit_render.rb:10:in `default_render'
  actionpack (3.2.8) lib/action_controller/metal/implicit_render.rb:5:in `send_action'
  actionpack (3.2.8) lib/abstract_controller/base.rb:167:in `process_action'
  actionpack (3.2.8) lib/action_controller/metal/rendering.rb:10:in `process_action'
  actionpack (3.2.8) lib/abstract_controller/callbacks.rb:18:in `block in process_action'
  activesupport (3.2.8) lib/active_support/callbacks.rb:425:in `_run__3188895856115794813__process_action__54091144683580008__callbacks'
  activesupport (3.2.8) lib/active_support/callbacks.rb:405:in `__run_callback'
  activesupport (3.2.8) lib/active_support/callbacks.rb:385:in `_run_process_action_callbacks'
  activesupport (3.2.8) lib/active_support/callbacks.rb:81:in `run_callbacks'
  actionpack (3.2.8) lib/abstract_controller/callbacks.rb:17:in `process_action'
  actionpack (3.2.8) lib/action_controller/metal/rescue.rb:29:in `process_action'
  actionpack (3.2.8) lib/action_controller/metal/instrumentation.rb:30:in `block in process_action'
  activesupport (3.2.8) lib/active_support/notifications.rb:123:in `block in instrument'
  activesupport (3.2.8) lib/active_support/notifications/instrumenter.rb:20:in `instrument'
  activesupport (3.2.8) lib/active_support/notifications.rb:123:in `instrument'
  actionpack (3.2.8) lib/action_controller/metal/instrumentation.rb:29:in `process_action'
  actionpack (3.2.8) lib/action_controller/metal/params_wrapper.rb:207:in `process_action'
  actionpack (3.2.8) lib/abstract_controller/base.rb:121:in `process'
  actionpack (3.2.8) lib/abstract_controller/rendering.rb:45:in `process'
  actionpack (3.2.8) lib/action_controller/metal.rb:203:in `dispatch'
  actionpack (3.2.8) lib/action_controller/metal/rack_delegation.rb:14:in `dispatch'
  actionpack (3.2.8) lib/action_controller/metal.rb:246:in `block in action'
  actionpack (3.2.8) lib/action_dispatch/routing/route_set.rb:73:in `call'
  actionpack (3.2.8) lib/action_dispatch/routing/route_set.rb:73:in `dispatch'
  actionpack (3.2.8) lib/action_dispatch/routing/route_set.rb:36:in `call'
  journey (1.0.4) lib/journey/router.rb:68:in `block in call'
  journey (1.0.4) lib/journey/router.rb:56:in `each'
  journey (1.0.4) lib/journey/router.rb:56:in `call'
  actionpack (3.2.8) lib/action_dispatch/routing/route_set.rb:600:in `call'
  mongo_mapper (0.11.2) lib/mongo_mapper/middleware/identity_map.rb:10:in `call'
  actionpack (3.2.8) lib/action_dispatch/middleware/best_standards_support.rb:17:in `call'
  rack (1.4.1) lib/rack/etag.rb:23:in `call'
  rack (1.4.1) lib/rack/conditionalget.rb:35:in `call'
  actionpack (3.2.8) lib/action_dispatch/middleware/head.rb:14:in `call'
  actionpack (3.2.8) lib/action_dispatch/middleware/params_parser.rb:21:in `call'
  actionpack (3.2.8) lib/action_dispatch/middleware/flash.rb:242:in `call'
  rack (1.4.1) lib/rack/session/abstract/id.rb:205:in `context'
  rack (1.4.1) lib/rack/session/abstract/id.rb:200:in `call'
  actionpack (3.2.8) lib/action_dispatch/middleware/cookies.rb:339:in `call'
  actionpack (3.2.8) lib/action_dispatch/middleware/callbacks.rb:28:in `block in call'
  activesupport (3.2.8) lib/active_support/callbacks.rb:405:in `_run__1434389832101571692__call__3281810825303938759__callbacks'
  activesupport (3.2.8) lib/active_support/callbacks.rb:405:in `__run_callback'
  activesupport (3.2.8) lib/active_support/callbacks.rb:385:in `_run_call_callbacks'
  activesupport (3.2.8) lib/active_support/callbacks.rb:81:in `run_callbacks'
  actionpack (3.2.8) lib/action_dispatch/middleware/callbacks.rb:27:in `call'
  actionpack (3.2.8) lib/action_dispatch/middleware/reloader.rb:65:in `call'
  actionpack (3.2.8) lib/action_dispatch/middleware/remote_ip.rb:31:in `call'
  actionpack (3.2.8) lib/action_dispatch/middleware/debug_exceptions.rb:16:in `call'
  actionpack (3.2.8) lib/action_dispatch/middleware/show_exceptions.rb:56:in `call'
  railties (3.2.8) lib/rails/rack/logger.rb:26:in `call_app'
  railties (3.2.8) lib/rails/rack/logger.rb:16:in `call'
  actionpack (3.2.8) lib/action_dispatch/middleware/request_id.rb:22:in `call'
  rack (1.4.1) lib/rack/methodoverride.rb:21:in `call'
  rack (1.4.1) lib/rack/runtime.rb:17:in `call'
  activesupport (3.2.8) lib/active_support/cache/strategy/local_cache.rb:72:in `call'
  rack (1.4.1) lib/rack/lock.rb:15:in `call'
  actionpack (3.2.8) lib/action_dispatch/middleware/static.rb:62:in `call'
  railties (3.2.8) lib/rails/engine.rb:479:in `call'
  railties (3.2.8) lib/rails/application.rb:223:in `call'
  rack (1.4.1) lib/rack/content_length.rb:14:in `call'
  railties (3.2.8) lib/rails/rack/log_tailer.rb:17:in `call'
  rack (1.4.1) lib/rack/handler/webrick.rb:59:in `service'
  /Users/chris/.rvm/rubies/ruby-1.9.3-p194/lib/ruby/1.9.1/webrick/httpserver.rb:138:in `service'
  /Users/chris/.rvm/rubies/ruby-1.9.3-p194/lib/ruby/1.9.1/webrick/httpserver.rb:94:in `run'
  /Users/chris/.rvm/rubies/ruby-1.9.3-p194/lib/ruby/1.9.1/webrick/server.rb:191:in `block in start_thread'


  Rendered /Users/chris/.rvm/gems/ruby-1.9.3-p194/gems/actionpack-3.2.8/lib/action_dispatch/middleware/templates/rescues/missing_template.erb within rescues/layout (0.5ms)


Started GET "/?from=oslo&weather=sunny&from=05%2F10%2F2012&to=08%2F10%2F2012&roof=%24500&location=62.470513%2C6.394734199999999" for 127.0.0.1 at 2012-09-05 14:15:18 +0200
Processing by HomeController#index as HTML
  Parameters: {"from"=>"05/10/2012", "weather"=>"sunny", "to"=>"08/10/2012", "roof"=>"$500", "location"=>"62.470513,6.394734199999999"}
Geokit is using the domain: localhost
  Rendered home/index.html.erb within layouts/application (0.1ms)
Completed 200 OK in 28ms (Views: 27.7ms)


Started GET "/search/" for 127.0.0.1 at 2012-09-05 14:15:28 +0200

ActionController::RoutingError (No route matches [GET] "/search"):
  actionpack (3.2.8) lib/action_dispatch/middleware/debug_exceptions.rb:21:in `call'
  actionpack (3.2.8) lib/action_dispatch/middleware/show_exceptions.rb:56:in `call'
  railties (3.2.8) lib/rails/rack/logger.rb:26:in `call_app'
  railties (3.2.8) lib/rails/rack/logger.rb:16:in `call'
  actionpack (3.2.8) lib/action_dispatch/middleware/request_id.rb:22:in `call'
  rack (1.4.1) lib/rack/methodoverride.rb:21:in `call'
  rack (1.4.1) lib/rack/runtime.rb:17:in `call'
  activesupport (3.2.8) lib/active_support/cache/strategy/local_cache.rb:72:in `call'
  rack (1.4.1) lib/rack/lock.rb:15:in `call'
  actionpack (3.2.8) lib/action_dispatch/middleware/static.rb:62:in `call'
  railties (3.2.8) lib/rails/engine.rb:479:in `call'
  railties (3.2.8) lib/rails/application.rb:223:in `call'
  rack (1.4.1) lib/rack/content_length.rb:14:in `call'
  railties (3.2.8) lib/rails/rack/log_tailer.rb:17:in `call'
  rack (1.4.1) lib/rack/handler/webrick.rb:59:in `service'
  /Users/chris/.rvm/rubies/ruby-1.9.3-p194/lib/ruby/1.9.1/webrick/httpserver.rb:138:in `service'
  /Users/chris/.rvm/rubies/ruby-1.9.3-p194/lib/ruby/1.9.1/webrick/httpserver.rb:94:in `run'
  /Users/chris/.rvm/rubies/ruby-1.9.3-p194/lib/ruby/1.9.1/webrick/server.rb:191:in `block in start_thread'


  Rendered /Users/chris/.rvm/gems/ruby-1.9.3-p194/gems/actionpack-3.2.8/lib/action_dispatch/middleware/templates/rescues/routing_error.erb within rescues/layout (0.8ms)


Started GET "/search/flights" for 127.0.0.1 at 2012-09-05 14:15:29 +0200

ActionController::RoutingError (No route matches [GET] "/search/flights"):
  actionpack (3.2.8) lib/action_dispatch/middleware/debug_exceptions.rb:21:in `call'
  actionpack (3.2.8) lib/action_dispatch/middleware/show_exceptions.rb:56:in `call'
  railties (3.2.8) lib/rails/rack/logger.rb:26:in `call_app'
  railties (3.2.8) lib/rails/rack/logger.rb:16:in `call'
  actionpack (3.2.8) lib/action_dispatch/middleware/request_id.rb:22:in `call'
  rack (1.4.1) lib/rack/methodoverride.rb:21:in `call'
  rack (1.4.1) lib/rack/runtime.rb:17:in `call'
  activesupport (3.2.8) lib/active_support/cache/strategy/local_cache.rb:72:in `call'
  rack (1.4.1) lib/rack/lock.rb:15:in `call'
  actionpack (3.2.8) lib/action_dispatch/middleware/static.rb:62:in `call'
  railties (3.2.8) lib/rails/engine.rb:479:in `call'
  railties (3.2.8) lib/rails/application.rb:223:in `call'
  rack (1.4.1) lib/rack/content_length.rb:14:in `call'
  railties (3.2.8) lib/rails/rack/log_tailer.rb:17:in `call'
  rack (1.4.1) lib/rack/handler/webrick.rb:59:in `service'
  /Users/chris/.rvm/rubies/ruby-1.9.3-p194/lib/ruby/1.9.1/webrick/httpserver.rb:138:in `service'
  /Users/chris/.rvm/rubies/ruby-1.9.3-p194/lib/ruby/1.9.1/webrick/httpserver.rb:94:in `run'
  /Users/chris/.rvm/rubies/ruby-1.9.3-p194/lib/ruby/1.9.1/webrick/server.rb:191:in `block in start_thread'


  Rendered /Users/chris/.rvm/gems/ruby-1.9.3-p194/gems/actionpack-3.2.8/lib/action_dispatch/middleware/templates/rescues/routing_error.erb within rescues/layout (1.0ms)


Started GET "/search/flights.json" for 127.0.0.1 at 2012-09-05 14:15:31 +0200

ActionController::RoutingError (No route matches [GET] "/search/flights.json"):
  actionpack (3.2.8) lib/action_dispatch/middleware/debug_exceptions.rb:21:in `call'
  actionpack (3.2.8) lib/action_dispatch/middleware/show_exceptions.rb:56:in `call'
  railties (3.2.8) lib/rails/rack/logger.rb:26:in `call_app'
  railties (3.2.8) lib/rails/rack/logger.rb:16:in `call'
  actionpack (3.2.8) lib/action_dispatch/middleware/request_id.rb:22:in `call'
  rack (1.4.1) lib/rack/methodoverride.rb:21:in `call'
  rack (1.4.1) lib/rack/runtime.rb:17:in `call'
  activesupport (3.2.8) lib/active_support/cache/strategy/local_cache.rb:72:in `call'
  rack (1.4.1) lib/rack/lock.rb:15:in `call'
  actionpack (3.2.8) lib/action_dispatch/middleware/static.rb:62:in `call'
  railties (3.2.8) lib/rails/engine.rb:479:in `call'
  railties (3.2.8) lib/rails/application.rb:223:in `call'
  rack (1.4.1) lib/rack/content_length.rb:14:in `call'
  railties (3.2.8) lib/rails/rack/log_tailer.rb:17:in `call'
  rack (1.4.1) lib/rack/handler/webrick.rb:59:in `service'
  /Users/chris/.rvm/rubies/ruby-1.9.3-p194/lib/ruby/1.9.1/webrick/httpserver.rb:138:in `service'
  /Users/chris/.rvm/rubies/ruby-1.9.3-p194/lib/ruby/1.9.1/webrick/httpserver.rb:94:in `run'
  /Users/chris/.rvm/rubies/ruby-1.9.3-p194/lib/ruby/1.9.1/webrick/server.rb:191:in `block in start_thread'


  Rendered /Users/chris/.rvm/gems/ruby-1.9.3-p194/gems/actionpack-3.2.8/lib/action_dispatch/middleware/templates/rescues/routing_error.erb within rescues/layout (0.7ms)


Started GET "/search/flight.json" for 127.0.0.1 at 2012-09-05 14:15:34 +0200
Processing by HomeController#flight_search as JSON
Geokit is using the domain: localhost
Completed 200 OK in 14680ms (Views: 15.6ms)


Started GET "/flight/search.json" for 127.0.0.1 at 2012-09-05 14:15:49 +0200

ActionController::RoutingError (No route matches [GET] "/flight/search.json"):
  actionpack (3.2.8) lib/action_dispatch/middleware/debug_exceptions.rb:21:in `call'
  actionpack (3.2.8) lib/action_dispatch/middleware/show_exceptions.rb:56:in `call'
  railties (3.2.8) lib/rails/rack/logger.rb:26:in `call_app'
  railties (3.2.8) lib/rails/rack/logger.rb:16:in `call'
  actionpack (3.2.8) lib/action_dispatch/middleware/request_id.rb:22:in `call'
  rack (1.4.1) lib/rack/methodoverride.rb:21:in `call'
  rack (1.4.1) lib/rack/runtime.rb:17:in `call'
  activesupport (3.2.8) lib/active_support/cache/strategy/local_cache.rb:72:in `call'
  rack (1.4.1) lib/rack/lock.rb:15:in `call'
  actionpack (3.2.8) lib/action_dispatch/middleware/static.rb:62:in `call'
  railties (3.2.8) lib/rails/engine.rb:479:in `call'
  railties (3.2.8) lib/rails/application.rb:223:in `call'
  rack (1.4.1) lib/rack/content_length.rb:14:in `call'
  railties (3.2.8) lib/rails/rack/log_tailer.rb:17:in `call'
  rack (1.4.1) lib/rack/handler/webrick.rb:59:in `service'
  /Users/chris/.rvm/rubies/ruby-1.9.3-p194/lib/ruby/1.9.1/webrick/httpserver.rb:138:in `service'
  /Users/chris/.rvm/rubies/ruby-1.9.3-p194/lib/ruby/1.9.1/webrick/httpserver.rb:94:in `run'
  /Users/chris/.rvm/rubies/ruby-1.9.3-p194/lib/ruby/1.9.1/webrick/server.rb:191:in `block in start_thread'


  Rendered /Users/chris/.rvm/gems/ruby-1.9.3-p194/gems/actionpack-3.2.8/lib/action_dispatch/middleware/templates/rescues/routing_error.erb within rescues/layout (0.7ms)


Started GET "/flights/search.json" for 127.0.0.1 at 2012-09-05 14:15:49 +0200

ActionController::RoutingError (No route matches [GET] "/flights/search.json"):
  actionpack (3.2.8) lib/action_dispatch/middleware/debug_exceptions.rb:21:in `call'
  actionpack (3.2.8) lib/action_dispatch/middleware/show_exceptions.rb:56:in `call'
  railties (3.2.8) lib/rails/rack/logger.rb:26:in `call_app'
  railties (3.2.8) lib/rails/rack/logger.rb:16:in `call'
  actionpack (3.2.8) lib/action_dispatch/middleware/request_id.rb:22:in `call'
  rack (1.4.1) lib/rack/methodoverride.rb:21:in `call'
  rack (1.4.1) lib/rack/runtime.rb:17:in `call'
  activesupport (3.2.8) lib/active_support/cache/strategy/local_cache.rb:72:in `call'
  rack (1.4.1) lib/rack/lock.rb:15:in `call'
  actionpack (3.2.8) lib/action_dispatch/middleware/static.rb:62:in `call'
  railties (3.2.8) lib/rails/engine.rb:479:in `call'
  railties (3.2.8) lib/rails/application.rb:223:in `call'
  rack (1.4.1) lib/rack/content_length.rb:14:in `call'
  railties (3.2.8) lib/rails/rack/log_tailer.rb:17:in `call'
  rack (1.4.1) lib/rack/handler/webrick.rb:59:in `service'
  /Users/chris/.rvm/rubies/ruby-1.9.3-p194/lib/ruby/1.9.1/webrick/httpserver.rb:138:in `service'
  /Users/chris/.rvm/rubies/ruby-1.9.3-p194/lib/ruby/1.9.1/webrick/httpserver.rb:94:in `run'
  /Users/chris/.rvm/rubies/ruby-1.9.3-p194/lib/ruby/1.9.1/webrick/server.rb:191:in `block in start_thread'


  Rendered /Users/chris/.rvm/gems/ruby-1.9.3-p194/gems/actionpack-3.2.8/lib/action_dispatch/middleware/templates/rescues/routing_error.erb within rescues/layout (0.6ms)


Started GET "/search/flight/" for 127.0.0.1 at 2012-09-05 14:16:03 +0200
Processing by HomeController#flight_search as HTML
Geokit is using the domain: localhost
Completed 500 Internal Server Error in 9799ms

ActionView::MissingTemplate (Missing template home/flight_search, application/flight_search with {:locale=>[:en], :formats=>[:html], :handlers=>[:erb, :builder, :coffee]}. Searched in:
  * "/Users/chris/Projects/weathersick/rails/app/views"
  * "/Users/chris/.rvm/gems/ruby-1.9.3-p194/gems/twitter-bootstrap-rails-2.1.3/app/views"
):
  app/controllers/home_controller.rb:46:in `flight_search'


  Rendered /Users/chris/.rvm/gems/ruby-1.9.3-p194/gems/actionpack-3.2.8/lib/action_dispatch/middleware/templates/rescues/missing_template.erb within rescues/layout (0.4ms)


Started GET "/search/flight.json" for 127.0.0.1 at 2012-09-05 14:16:13 +0200
Processing by HomeController#flight_search as JSON
Geokit is using the domain: localhost
Completed 200 OK in 8422ms (Views: 16.8ms)


Started GET "/search/flight.json" for 127.0.0.1 at 2012-09-05 14:16:21 +0200
Processing by HomeController#flight_search as JSON
Geokit is using the domain: localhost
Completed 200 OK in 9625ms (Views: 25.2ms)
